<?xml version="1.0" encoding="UTF-8"?>
<!-- Generated by org.testng.reporters.JUnitReportReporter -->
<testsuite hostname="Etienne" failures="0" tests="2" name="testCases.TC002_Login_Test" time="5.479" errors="0" timestamp="2024-12-27T14:29:17 CET" skipped="0">
  <testcase classname="testCases.TC002_Login_Test" name="verify_login" time="2.860"/>
  <testcase classname="testCases.TC002_Login_Test" name="verify_login" time="2.619"/>
</testsuite> <!-- testCases.TC002_Login_Test -->
