<?xml version="1.0" encoding="UTF-8"?>
<!-- Generated by org.testng.reporters.JUnitReportReporter -->
<testsuite hostname="Etienne" failures="0" tests="1" name="testCases.TC002_Login_Test" time="5.967" errors="0" timestamp="2024-12-19T11:30:08 CET" skipped="0">
  <testcase classname="testCases.TC002_Login_Test" name="verify_login" time="5.967"/>
</testsuite> <!-- testCases.TC002_Login_Test -->
