<?xml version="1.0" encoding="UTF-8"?>
<!-- Generated by org.testng.reporters.JUnitReportReporter -->
<testsuite hostname="Etienne" failures="0" tests="1" name="testCases.TC001_Registration_Test" time="3.344" errors="0" timestamp="2024-12-19T11:58:51 CET" skipped="0">
  <testcase classname="testCases.TC001_Registration_Test" name="verify_Account_Registration" time="3.344"/>
</testsuite> <!-- testCases.TC001_Registration_Test -->
