<?xml version="1.0" encoding="UTF-8"?>
<!-- Generated by org.testng.reporters.JUnitReportReporter -->
<testsuite hostname="Etienne" failures="0" tests="2" name="testCases.TC001_Registration_Test" time="7.287" errors="0" timestamp="2024-12-27T14:29:17 CET" skipped="0">
  <testcase classname="testCases.TC001_Registration_Test" name="verify_Account_Registration" time="3.384"/>
  <testcase classname="testCases.TC001_Registration_Test" name="verify_Account_Registration" time="3.903"/>
</testsuite> <!-- testCases.TC001_Registration_Test -->
