<?xml version="1.0" encoding="UTF-8"?>
<!-- Generated by org.testng.reporters.JUnitReportReporter -->
<testsuite hostname="Etienne" failures="0" tests="6" name="testCases.TC003_LoginDDT" time="48.731" errors="0" timestamp="2024-12-18T16:49:12 CET" skipped="0">
  <testcase classname="testCases.TC003_LoginDDT" name="verify_LogingDDT" time="12.309"/>
  <testcase classname="testCases.TC003_LoginDDT" name="verify_LogingDDT" time="11.736"/>
  <testcase classname="testCases.TC003_LoginDDT" name="verify_LogingDDT" time="8.505"/>
  <testcase classname="testCases.TC003_LoginDDT" name="verify_LogingDDT" time="4.975"/>
  <testcase classname="testCases.TC003_LoginDDT" name="verify_LogingDDT" time="4.923"/>
  <testcase classname="testCases.TC003_LoginDDT" name="verify_LogingDDT" time="6.283"/>
</testsuite> <!-- testCases.TC003_LoginDDT -->
