<?xml version="1.0" encoding="UTF-8"?>
<!-- Generated by org.testng.reporters.JUnitReportReporter -->
<testsuite hostname="Etienne" failures="0" tests="1" name="testCases.TC001_Registration_Test" time="2.308" errors="0" timestamp="2024-12-24T17:29:17 CET" skipped="0">
  <testcase classname="testCases.TC001_Registration_Test" name="verify_Account_Registration" time="2.308"/>
</testsuite> <!-- testCases.TC001_Registration_Test -->
