<?xml version="1.0" encoding="UTF-8"?>
<!-- Generated by org.testng.reporters.JUnitReportReporter -->
<testsuite hostname="Etienne" failures="0" tests="1" name="testCases.TC002_Login_Test" time="3.070" errors="0" timestamp="2024-12-26T19:09:39 CET" skipped="0">
  <testcase classname="testCases.TC002_Login_Test" name="verify_login" time="3.070"/>
</testsuite> <!-- testCases.TC002_Login_Test -->
